  [1m[35m (3.7ms)[0m  [1m[35mCREATE DATABASE "todolist-app_development" ENCODING = 'unicode'[0m
  ↳ bin/rails:9
  [1m[35m (1.0ms)[0m  [1m[35mCREATE DATABASE "todolist-app_test" ENCODING = 'unicode'[0m
  ↳ bin/rails:9
  [1m[35m (41.2ms)[0m  [1m[34mSELECT pg_try_advisory_lock(34377518426153490)[0m
  ↳ bin/rails:9
  [1m[35m (2.0ms)[0m  [1m[34mSELECT "schema_migrations"."version" FROM "schema_migrations" ORDER BY "schema_migrations"."version" ASC[0m
  ↳ bin/rails:9
  [1m[36mActiveRecord::InternalMetadata Load (42.0ms)[0m  [1m[34mSELECT  "ar_internal_metadata".* FROM "ar_internal_metadata" WHERE "ar_internal_metadata"."key" = $1 LIMIT $2[0m  [["key", "environment"], ["LIMIT", 1]]
  ↳ bin/rails:9
  [1m[35m (0.2ms)[0m  [1m[35mBEGIN[0m
  ↳ bin/rails:9
  [1m[35m (0.4ms)[0m  [1m[35mCOMMIT[0m
  ↳ bin/rails:9
  [1m[35m (0.3ms)[0m  [1m[34mSELECT pg_advisory_unlock(34377518426153490)[0m
  ↳ bin/rails:9
  [1m[35m (0.3ms)[0m  [1m[34mSELECT "schema_migrations"."version" FROM "schema_migrations" ORDER BY "schema_migrations"."version" ASC[0m
  ↳ bin/rails:9
  [1m[35m (0.2ms)[0m  [1m[34mSELECT "schema_migrations"."version" FROM "schema_migrations" ORDER BY "schema_migrations"."version" ASC[0m
  ↳ bin/rails:9
  [1m[35m (0.4ms)[0m  [1m[35mBEGIN[0m
  ↳ db/seeds.rb:11
  [1m[36mCategory Create (28.1ms)[0m  [1m[32mINSERT INTO "categories" ("title", "created_at", "updated_at") VALUES ($1, $2, $3) RETURNING "id"[0m  [["title", "Essay"], ["created_at", "2021-06-03 20:25:38.959068"], ["updated_at", "2021-06-03 20:25:38.959068"]]
  ↳ db/seeds.rb:11
  [1m[35m (2.0ms)[0m  [1m[35mCOMMIT[0m
  ↳ db/seeds.rb:11
  [1m[35m (0.2ms)[0m  [1m[35mBEGIN[0m
  ↳ db/seeds.rb:17
  [1m[36mTask Create (55.9ms)[0m  [1m[32mINSERT INTO "tasks" ("created_at", "updated_at", "title", "deadline", "category_id", "image") VALUES ($1, $2, $3, $4, $5, $6) RETURNING "id"[0m  [["created_at", "2021-06-03 20:25:39.070648"], ["updated_at", "2021-06-03 20:25:39.070648"], ["title", "A Passage to India"], ["deadline", "2022-04-03 00:00:00"], ["category_id", 7], ["image", "https://robohash.org/nostrumvoluptasperspiciatis.png?size=300x300&set=set1"]]
  ↳ db/seeds.rb:17
  [1m[35m (0.4ms)[0m  [1m[35mCOMMIT[0m
  ↳ db/seeds.rb:17
  [1m[35m (0.2ms)[0m  [1m[35mBEGIN[0m
  ↳ db/seeds.rb:17
  [1m[36mTask Create (0.5ms)[0m  [1m[32mINSERT INTO "tasks" ("created_at", "updated_at", "title", "deadline", "category_id", "image") VALUES ($1, $2, $3, $4, $5, $6) RETURNING "id"[0m  [["created_at", "2021-06-03 20:25:39.132348"], ["updated_at", "2021-06-03 20:25:39.132348"], ["title", "The Wealth of Nations"], ["deadline", "2021-12-02 00:00:00"], ["category_id", 7], ["image", "https://robohash.org/quodnequeipsum.png?size=300x300&set=set1"]]
  ↳ db/seeds.rb:17
  [1m[35m (3.2ms)[0m  [1m[35mCOMMIT[0m
  ↳ db/seeds.rb:17
  [1m[35m (0.2ms)[0m  [1m[35mBEGIN[0m
  ↳ db/seeds.rb:17
  [1m[36mTask Create (0.3ms)[0m  [1m[32mINSERT INTO "tasks" ("created_at", "updated_at", "title", "deadline", "category_id", "image") VALUES ($1, $2, $3, $4, $5, $6) RETURNING "id"[0m  [["created_at", "2021-06-03 20:25:39.149470"], ["updated_at", "2021-06-03 20:25:39.149470"], ["title", "Noli Me Tangere"], ["deadline", "2021-08-01 00:00:00"], ["category_id", 7], ["image", "https://robohash.org/corporisetpossimus.png?size=300x300&set=set1"]]
  ↳ db/seeds.rb:17
  [1m[35m (0.3ms)[0m  [1m[35mCOMMIT[0m
  ↳ db/seeds.rb:17
  [1m[35m (0.2ms)[0m  [1m[35mBEGIN[0m
  ↳ db/seeds.rb:11
  [1m[36mCategory Create (0.3ms)[0m  [1m[32mINSERT INTO "categories" ("title", "created_at", "updated_at") VALUES ($1, $2, $3) RETURNING "id"[0m  [["title", "Fantasy"], ["created_at", "2021-06-03 20:25:39.153089"], ["updated_at", "2021-06-03 20:25:39.153089"]]
  ↳ db/seeds.rb:11
  [1m[35m (0.3ms)[0m  [1m[35mCOMMIT[0m
  ↳ db/seeds.rb:11
  [1m[35m (0.2ms)[0m  [1m[35mBEGIN[0m
  ↳ db/seeds.rb:17
  [1m[36mTask Create (0.4ms)[0m  [1m[32mINSERT INTO "tasks" ("created_at", "updated_at", "title", "deadline", "category_id", "image") VALUES ($1, $2, $3, $4, $5, $6) RETURNING "id"[0m  [["created_at", "2021-06-03 20:25:39.165822"], ["updated_at", "2021-06-03 20:25:39.165822"], ["title", "The Lathe of Heaven"], ["deadline", "2022-03-04 00:00:00"], ["category_id", 8], ["image", "https://robohash.org/sitdictaodit.png?size=300x300&set=set1"]]
  ↳ db/seeds.rb:17
  [1m[35m (0.4ms)[0m  [1m[35mCOMMIT[0m
  ↳ db/seeds.rb:17
  [1m[35m (0.2ms)[0m  [1m[35mBEGIN[0m
  ↳ db/seeds.rb:17
  [1m[36mTask Create (8.5ms)[0m  [1m[32mINSERT INTO "tasks" ("created_at", "updated_at", "title", "deadline", "category_id", "image") VALUES ($1, $2, $3, $4, $5, $6) RETURNING "id"[0m  [["created_at", "2021-06-03 20:25:39.173602"], ["updated_at", "2021-06-03 20:25:39.173602"], ["title", "Fair Stood the Wind for France"], ["deadline", "2021-11-13 00:00:00"], ["category_id", 8], ["image", "https://robohash.org/quasivoluptatumrepudiandae.png?size=300x300&set=set1"]]
  ↳ db/seeds.rb:17
  [1m[35m (0.6ms)[0m  [1m[35mCOMMIT[0m
  ↳ db/seeds.rb:17
  [1m[35m (0.5ms)[0m  [1m[35mBEGIN[0m
  ↳ db/seeds.rb:17
  [1m[36mTask Create (9.8ms)[0m  [1m[32mINSERT INTO "tasks" ("created_at", "updated_at", "title", "deadline", "category_id", "image") VALUES ($1, $2, $3, $4, $5, $6) RETURNING "id"[0m  [["created_at", "2021-06-03 20:25:39.191465"], ["updated_at", "2021-06-03 20:25:39.191465"], ["title", "That Hideous Strength"], ["deadline", "2022-02-07 00:00:00"], ["category_id", 8], ["image", "https://robohash.org/sitquasiquidem.png?size=300x300&set=set1"]]
  ↳ db/seeds.rb:17
  [1m[35m (1.3ms)[0m  [1m[35mCOMMIT[0m
  ↳ db/seeds.rb:17
  [1m[35m (0.2ms)[0m  [1m[35mBEGIN[0m
  ↳ db/seeds.rb:11
  [1m[36mCategory Create (5.1ms)[0m  [1m[32mINSERT INTO "categories" ("title", "created_at", "updated_at") VALUES ($1, $2, $3) RETURNING "id"[0m  [["title", "Folklore"], ["created_at", "2021-06-03 20:25:39.206738"], ["updated_at", "2021-06-03 20:25:39.206738"]]
  ↳ db/seeds.rb:11
  [1m[35m (3.4ms)[0m  [1m[35mCOMMIT[0m
  ↳ db/seeds.rb:11
  [1m[35m (0.2ms)[0m  [1m[35mBEGIN[0m
  ↳ db/seeds.rb:17
  [1m[36mTask Create (1.8ms)[0m  [1m[32mINSERT INTO "tasks" ("created_at", "updated_at", "title", "deadline", "category_id", "image") VALUES ($1, $2, $3, $4, $5, $6) RETURNING "id"[0m  [["created_at", "2021-06-03 20:25:39.223331"], ["updated_at", "2021-06-03 20:25:39.223331"], ["title", "Ring of Bright Water"], ["deadline", "2022-03-18 00:00:00"], ["category_id", 9], ["image", "https://robohash.org/doloresaddistinctio.png?size=300x300&set=set1"]]
  ↳ db/seeds.rb:17
  [1m[35m (0.6ms)[0m  [1m[35mCOMMIT[0m
  ↳ db/seeds.rb:17
  [1m[35m (4.6ms)[0m  [1m[35mBEGIN[0m
  ↳ db/seeds.rb:17
  [1m[36mTask Create (3.3ms)[0m  [1m[32mINSERT INTO "tasks" ("created_at", "updated_at", "title", "deadline", "category_id", "image") VALUES ($1, $2, $3, $4, $5, $6) RETURNING "id"[0m  [["created_at", "2021-06-03 20:25:39.239934"], ["updated_at", "2021-06-03 20:25:39.239934"], ["title", "In a Glass Darkly"], ["deadline", "2021-10-31 00:00:00"], ["category_id", 9], ["image", "https://robohash.org/utavoluptas.png?size=300x300&set=set1"]]
  ↳ db/seeds.rb:17
  [1m[35m (1.2ms)[0m  [1m[35mCOMMIT[0m
  ↳ db/seeds.rb:17
  [1m[35m (1.1ms)[0m  [1m[35mBEGIN[0m
  ↳ db/seeds.rb:17
  [1m[36mTask Create (4.0ms)[0m  [1m[32mINSERT INTO "tasks" ("created_at", "updated_at", "title", "deadline", "category_id", "image") VALUES ($1, $2, $3, $4, $5, $6) RETURNING "id"[0m  [["created_at", "2021-06-03 20:25:39.252530"], ["updated_at", "2021-06-03 20:25:39.252530"], ["title", "Butter In a Lordly Dish"], ["deadline", "2022-02-13 00:00:00"], ["category_id", 9], ["image", "https://robohash.org/etautfugiat.png?size=300x300&set=set1"]]
  ↳ db/seeds.rb:17
  [1m[35m (0.5ms)[0m  [1m[35mCOMMIT[0m
  ↳ db/seeds.rb:17
  [1m[35m (0.2ms)[0m  [1m[35mBEGIN[0m
  ↳ db/seeds.rb:22
  [1m[36mEmail Create (1.6ms)[0m  [1m[32mINSERT INTO "emails" ("object", "body", "created_at", "updated_at") VALUES ($1, $2, $3, $4) RETURNING "id"[0m  [["object", "Grand Line"], ["body", "Quaerat ut aut. Quibusdam ipsa cum. Id quisquam et."], ["created_at", "2021-06-03 20:25:39.301075"], ["updated_at", "2021-06-03 20:25:39.301075"]]
  ↳ db/seeds.rb:22
  [1m[35m (0.5ms)[0m  [1m[35mCOMMIT[0m
  ↳ db/seeds.rb:22
  [1m[35m (0.1ms)[0m  [1m[35mBEGIN[0m
  ↳ db/seeds.rb:22
  [1m[36mEmail Create (0.8ms)[0m  [1m[32mINSERT INTO "emails" ("object", "body", "created_at", "updated_at") VALUES ($1, $2, $3, $4) RETURNING "id"[0m  [["object", "East Blue"], ["body", "Velit omnis qui. Sint aut commodi. Molestiae in tenetur."], ["created_at", "2021-06-03 20:25:39.308136"], ["updated_at", "2021-06-03 20:25:39.308136"]]
  ↳ db/seeds.rb:22
  [1m[35m (1.3ms)[0m  [1m[35mCOMMIT[0m
  ↳ db/seeds.rb:22
  [1m[35m (0.2ms)[0m  [1m[35mBEGIN[0m
  ↳ db/seeds.rb:22
  [1m[36mEmail Create (0.6ms)[0m  [1m[32mINSERT INTO "emails" ("object", "body", "created_at", "updated_at") VALUES ($1, $2, $3, $4) RETURNING "id"[0m  [["object", "East Blue"], ["body", "Iure dolores qui. Sapiente ipsa eos. Quo sunt velit."], ["created_at", "2021-06-03 20:25:39.314561"], ["updated_at", "2021-06-03 20:25:39.314561"]]
  ↳ db/seeds.rb:22
  [1m[35m (0.4ms)[0m  [1m[35mCOMMIT[0m
  ↳ db/seeds.rb:22
Started GET "/" for ::1 at 2021-06-03 22:26:02 +0200
  [1m[35m (1.1ms)[0m  [1m[34mSELECT "schema_migrations"."version" FROM "schema_migrations" ORDER BY "schema_migrations"."version" ASC[0m
  ↳ /Users/Saru_VII/.rvm/gems/ruby-2.7.1/gems/activerecord-5.2.6/lib/active_record/log_subscriber.rb:98
Processing by EmailsController#index as HTML
  Rendering emails/index.html.erb within layouts/application
  [1m[36mEmail Load (31.7ms)[0m  [1m[34mSELECT "emails".* FROM "emails"[0m
  ↳ app/views/emails/index.html.erb:21
  Rendered emails/index.html.erb within layouts/application (54.5ms)
Started GET "/" for ::1 at 2021-06-03 22:26:06 +0200
Processing by EmailsController#index as HTML
  Rendering emails/index.html.erb within layouts/application
  [1m[36mEmail Load (5.9ms)[0m  [1m[34mSELECT "emails".* FROM "emails"[0m
  ↳ app/views/emails/index.html.erb:21
  Rendered emails/index.html.erb within layouts/application (10.5ms)
  Rendered layouts/_navbar.html.erb (14.9ms)
  Rendered layouts/_flash.html.erb (0.7ms)
Completed 200 OK in 5081ms (Views: 5030.8ms | ActiveRecord: 37.9ms)


  Rendered layouts/_navbar.html.erb (1.6ms)
  Rendered layouts/_flash.html.erb (0.6ms)
Completed 200 OK in 2735ms (Views: 2726.5ms | ActiveRecord: 5.9ms)


Started POST "/emails" for ::1 at 2021-06-03 22:28:22 +0200
Processing by EmailsController#create as JS
  [1m[35m (2.6ms)[0m  [1m[35mBEGIN[0m
  ↳ app/controllers/emails_controller.rb:31
  [1m[36mEmail Create (1.3ms)[0m  [1m[32mINSERT INTO "emails" ("object", "body", "created_at", "updated_at") VALUES ($1, $2, $3, $4) RETURNING "id"[0m  [["object", "All Blue"], ["body", "Repudiandae placeat amet. Perspiciatis quibusdam voluptas. Optio in occaecati."], ["created_at", "2021-06-03 20:28:23.058196"], ["updated_at", "2021-06-03 20:28:23.058196"]]
  ↳ app/controllers/emails_controller.rb:31
  [1m[35m (40.0ms)[0m  [1m[35mCOMMIT[0m
  ↳ app/controllers/emails_controller.rb:31
  Rendering emails/create.js.erb
  Rendered emails/_email.html.erb (0.9ms)
  Rendered emails/create.js.erb (5.5ms)
Completed 200 OK in 489ms (Views: 9.5ms | ActiveRecord: 43.9ms)


  [1m[35m (0.9ms)[0m  [1m[35mCREATE DATABASE "todolist-app_development" ENCODING = 'unicode'[0m
  ↳ bin/rails:9
  [1m[35m (0.6ms)[0m  [1m[35mCREATE DATABASE "todolist-app_test" ENCODING = 'unicode'[0m
  ↳ bin/rails:9
  [1m[35m (0.2ms)[0m  [1m[34mSELECT pg_try_advisory_lock(34377518426153490)[0m
  ↳ bin/rails:9
  [1m[35m (0.6ms)[0m  [1m[34mSELECT "schema_migrations"."version" FROM "schema_migrations" ORDER BY "schema_migrations"."version" ASC[0m
  ↳ bin/rails:9
Migrating to CreateEmails (20210603085211)
  [1m[35m (0.2ms)[0m  [1m[35mBEGIN[0m
  ↳ bin/rails:9
  [1m[35m (4.0ms)[0m  [1m[35mCREATE TABLE "emails" ("id" bigserial primary key, "object" character varying, "body" text, "created_at" timestamp NOT NULL, "updated_at" timestamp NOT NULL)[0m
  ↳ db/migrate/20210603085211_create_emails.rb:3
  [1m[35m (0.1ms)[0m  [1m[31mROLLBACK[0m
  ↳ bin/rails:9
  [1m[35m (0.2ms)[0m  [1m[34mSELECT pg_advisory_unlock(34377518426153490)[0m
  ↳ bin/rails:9
  [1m[35m (0.4ms)[0m  [1m[35mCREATE DATABASE "todolist-app_development" ENCODING = 'unicode'[0m
  ↳ bin/rails:9
  [1m[35m (0.5ms)[0m  [1m[35mCREATE DATABASE "todolist-app_test" ENCODING = 'unicode'[0m
  ↳ bin/rails:9
  [1m[35m (0.1ms)[0m  [1m[34mSELECT pg_try_advisory_lock(34377518426153490)[0m
  ↳ bin/rails:9
  [1m[35m (0.5ms)[0m  [1m[34mSELECT "schema_migrations"."version" FROM "schema_migrations" ORDER BY "schema_migrations"."version" ASC[0m
  ↳ bin/rails:9
Migrating to CreateEmails (20210603085211)
  [1m[35m (0.1ms)[0m  [1m[35mBEGIN[0m
  ↳ bin/rails:9
  [1m[35m (4.9ms)[0m  [1m[35mCREATE TABLE "emails" ("id" bigserial primary key, "object" character varying, "body" text, "created_at" timestamp NOT NULL, "updated_at" timestamp NOT NULL)[0m
  ↳ db/migrate/20210603085211_create_emails.rb:3
  [1m[35m (0.1ms)[0m  [1m[31mROLLBACK[0m
  ↳ bin/rails:9
  [1m[35m (0.3ms)[0m  [1m[34mSELECT pg_advisory_unlock(34377518426153490)[0m
  ↳ bin/rails:9
  [1m[35m (0.8ms)[0m  [1m[34mSELECT "schema_migrations"."version" FROM "schema_migrations" ORDER BY "schema_migrations"."version" ASC[0m
  ↳ bin/rails:9
  [1m[35m (5.1ms)[0m  [1m[34mSELECT "ar_internal_metadata"."value" FROM "ar_internal_metadata" WHERE "ar_internal_metadata"."key" = $1[0m  [["key", "environment"]]
  ↳ bin/rails:9
  [1m[35m (0.3ms)[0m  [1m[34mSELECT "schema_migrations"."version" FROM "schema_migrations" ORDER BY "schema_migrations"."version" ASC[0m
  ↳ bin/rails:9
  [1m[35m (0.1ms)[0m  [1m[34mSELECT "ar_internal_metadata"."value" FROM "ar_internal_metadata" WHERE "ar_internal_metadata"."key" = $1[0m  [["key", "environment"]]
  ↳ bin/rails:9
  [1m[35m (0.2ms)[0m  [1m[34mSELECT "schema_migrations"."version" FROM "schema_migrations" ORDER BY "schema_migrations"."version" ASC[0m
  ↳ bin/rails:9
  [1m[35m (0.2ms)[0m  [1m[34mSELECT "ar_internal_metadata"."value" FROM "ar_internal_metadata" WHERE "ar_internal_metadata"."key" = $1[0m  [["key", "environment"]]
  ↳ bin/rails:9
  [1m[35m (45.1ms)[0m  [1m[35mDROP DATABASE IF EXISTS "todolist-app_development"[0m
  ↳ bin/rails:9
  [1m[35m (36.7ms)[0m  [1m[35mDROP DATABASE IF EXISTS "todolist-app_test"[0m
  ↳ bin/rails:9
  [1m[35m (172.6ms)[0m  [1m[35mCREATE DATABASE "todolist-app_development" ENCODING = 'unicode'[0m
  ↳ bin/rails:9
  [1m[35m (69.5ms)[0m  [1m[35mCREATE DATABASE "todolist-app_test" ENCODING = 'unicode'[0m
  ↳ bin/rails:9
  [1m[35m (8.1ms)[0m  [1m[35mCREATE TABLE "schema_migrations" ("version" character varying NOT NULL PRIMARY KEY)[0m
  ↳ bin/rails:9
  [1m[35m (5.1ms)[0m  [1m[35mCREATE TABLE "ar_internal_metadata" ("key" character varying NOT NULL PRIMARY KEY, "value" character varying, "created_at" timestamp NOT NULL, "updated_at" timestamp NOT NULL)[0m
  ↳ bin/rails:9
  [1m[35m (0.4ms)[0m  [1m[34mSELECT pg_try_advisory_lock(34377518426153490)[0m
  ↳ bin/rails:9
  [1m[35m (1.4ms)[0m  [1m[34mSELECT "schema_migrations"."version" FROM "schema_migrations" ORDER BY "schema_migrations"."version" ASC[0m
  ↳ bin/rails:9
Migrating to DeviseCreateUsers (20181115104424)
  [1m[35m (0.2ms)[0m  [1m[35mBEGIN[0m
  ↳ bin/rails:9
  [1m[35m (5.9ms)[0m  [1m[35mCREATE TABLE "users" ("id" bigserial primary key, "email" character varying DEFAULT '' NOT NULL, "encrypted_password" character varying DEFAULT '' NOT NULL, "reset_password_token" character varying, "reset_password_sent_at" timestamp, "remember_created_at" timestamp, "created_at" timestamp NOT NULL, "updated_at" timestamp NOT NULL)[0m
  ↳ db/migrate/20181115104424_devise_create_users.rb:5
  [1m[35m (1.7ms)[0m  [1m[35mCREATE UNIQUE INDEX  "index_users_on_email" ON "users"  ("email")[0m
  ↳ db/migrate/20181115104424_devise_create_users.rb:39
  [1m[35m (1.1ms)[0m  [1m[35mCREATE UNIQUE INDEX  "index_users_on_reset_password_token" ON "users"  ("reset_password_token")[0m
  ↳ db/migrate/20181115104424_devise_create_users.rb:40
  [1m[36mActiveRecord::SchemaMigration Create (0.7ms)[0m  [1m[32mINSERT INTO "schema_migrations" ("version") VALUES ($1) RETURNING "version"[0m  [["version", "20181115104424"]]
  ↳ bin/rails:9
  [1m[35m (0.7ms)[0m  [1m[35mCOMMIT[0m
  ↳ bin/rails:9
Migrating to CreateCategories (20181115131426)
  [1m[35m (0.5ms)[0m  [1m[35mBEGIN[0m
  ↳ bin/rails:9
  [1m[35m (4.8ms)[0m  [1m[35mCREATE TABLE "categories" ("id" bigserial primary key, "title" character varying, "created_at" timestamp NOT NULL, "updated_at" timestamp NOT NULL)[0m
  ↳ db/migrate/20181115131426_create_categories.rb:3
  [1m[36mActiveRecord::SchemaMigration Create (0.4ms)[0m  [1m[32mINSERT INTO "schema_migrations" ("version") VALUES ($1) RETURNING "version"[0m  [["version", "20181115131426"]]
  ↳ bin/rails:9
  [1m[35m (0.5ms)[0m  [1m[35mCOMMIT[0m
  ↳ bin/rails:9
Migrating to CreateTasks (20181116110123)
  [1m[35m (0.6ms)[0m  [1m[35mBEGIN[0m
  ↳ bin/rails:9
  [1m[35m (6.3ms)[0m  [1m[35mCREATE TABLE "tasks" ("id" bigserial primary key, "created_at" timestamp NOT NULL, "updated_at" timestamp NOT NULL, "title" character varying, "status" boolean DEFAULT FALSE, "deadline" timestamp, "category_id" bigint)[0m
  ↳ db/migrate/20181116110123_create_tasks.rb:3
  [1m[35m (1.4ms)[0m  [1m[35mCREATE  INDEX  "index_tasks_on_category_id" ON "tasks"  ("category_id")[0m
  ↳ db/migrate/20181116110123_create_tasks.rb:3
  [1m[36mActiveRecord::SchemaMigration Create (0.9ms)[0m  [1m[32mINSERT INTO "schema_migrations" ("version") VALUES ($1) RETURNING "version"[0m  [["version", "20181116110123"]]
  ↳ bin/rails:9
  [1m[35m (0.9ms)[0m  [1m[35mCOMMIT[0m
  ↳ bin/rails:9
Migrating to AddImagetoTask (20181116110124)
  [1m[35m (0.5ms)[0m  [1m[35mBEGIN[0m
  ↳ bin/rails:9
  [1m[35m (0.8ms)[0m  [1m[35mALTER TABLE "tasks" ADD "image" character varying[0m
  ↳ db/migrate/20181116110124_add_imageto_task.rb:3
  [1m[36mActiveRecord::SchemaMigration Create (0.3ms)[0m  [1m[32mINSERT INTO "schema_migrations" ("version") VALUES ($1) RETURNING "version"[0m  [["version", "20181116110124"]]
  ↳ bin/rails:9
  [1m[35m (0.4ms)[0m  [1m[35mCOMMIT[0m
  ↳ bin/rails:9
Migrating to CreateEmails (20210603085211)
  [1m[35m (0.1ms)[0m  [1m[35mBEGIN[0m
  ↳ bin/rails:9
  [1m[35m (5.2ms)[0m  [1m[35mCREATE TABLE "emails" ("id" bigserial primary key, "object" character varying, "body" text, "created_at" timestamp NOT NULL, "updated_at" timestamp NOT NULL)[0m
  ↳ db/migrate/20210603085211_create_emails.rb:3
  [1m[36mActiveRecord::SchemaMigration Create (0.4ms)[0m  [1m[32mINSERT INTO "schema_migrations" ("version") VALUES ($1) RETURNING "version"[0m  [["version", "20210603085211"]]
  ↳ bin/rails:9
  [1m[35m (0.4ms)[0m  [1m[35mCOMMIT[0m
  ↳ bin/rails:9
  [1m[36mActiveRecord::InternalMetadata Load (0.8ms)[0m  [1m[34mSELECT  "ar_internal_metadata".* FROM "ar_internal_metadata" WHERE "ar_internal_metadata"."key" = $1 LIMIT $2[0m  [["key", "environment"], ["LIMIT", 1]]
  ↳ bin/rails:9
  [1m[35m (0.2ms)[0m  [1m[35mBEGIN[0m
  ↳ bin/rails:9
  [1m[36mActiveRecord::InternalMetadata Create (0.6ms)[0m  [1m[32mINSERT INTO "ar_internal_metadata" ("key", "value", "created_at", "updated_at") VALUES ($1, $2, $3, $4) RETURNING "key"[0m  [["key", "environment"], ["value", "development"], ["created_at", "2021-06-03 20:50:24.330975"], ["updated_at", "2021-06-03 20:50:24.330975"]]
  ↳ bin/rails:9
  [1m[35m (0.5ms)[0m  [1m[35mCOMMIT[0m
  ↳ bin/rails:9
  [1m[35m (0.7ms)[0m  [1m[34mSELECT pg_advisory_unlock(34377518426153490)[0m
  ↳ bin/rails:9
  [1m[35m (0.5ms)[0m  [1m[34mSELECT "schema_migrations"."version" FROM "schema_migrations" ORDER BY "schema_migrations"."version" ASC[0m
  ↳ bin/rails:9
  [1m[35m (0.5ms)[0m  [1m[34mSELECT "schema_migrations"."version" FROM "schema_migrations" ORDER BY "schema_migrations"."version" ASC[0m
  ↳ bin/rails:9
  [1m[35m (0.1ms)[0m  [1m[35mBEGIN[0m
  ↳ db/seeds.rb:11
  [1m[36mCategory Create (0.5ms)[0m  [1m[32mINSERT INTO "categories" ("title", "created_at", "updated_at") VALUES ($1, $2, $3) RETURNING "id"[0m  [["title", "Comic/Graphic Novel"], ["created_at", "2021-06-03 20:50:26.025701"], ["updated_at", "2021-06-03 20:50:26.025701"]]
  ↳ db/seeds.rb:11
  [1m[35m (0.3ms)[0m  [1m[35mCOMMIT[0m
  ↳ db/seeds.rb:11
  [1m[35m (0.1ms)[0m  [1m[35mBEGIN[0m
  ↳ db/seeds.rb:17
  [1m[36mTask Create (0.6ms)[0m  [1m[32mINSERT INTO "tasks" ("created_at", "updated_at", "title", "deadline", "category_id", "image") VALUES ($1, $2, $3, $4, $5, $6) RETURNING "id"[0m  [["created_at", "2021-06-03 20:50:26.053777"], ["updated_at", "2021-06-03 20:50:26.053777"], ["title", "Dance Dance Dance"], ["deadline", "2022-04-26 00:00:00"], ["category_id", 1], ["image", "https://robohash.org/autlaboriosamqui.png?size=300x300&set=set1"]]
  ↳ db/seeds.rb:17
  [1m[35m (0.8ms)[0m  [1m[35mCOMMIT[0m
  ↳ db/seeds.rb:17
  [1m[35m (0.1ms)[0m  [1m[35mBEGIN[0m
  ↳ db/seeds.rb:17
  [1m[36mTask Create (0.2ms)[0m  [1m[32mINSERT INTO "tasks" ("created_at", "updated_at", "title", "deadline", "category_id", "image") VALUES ($1, $2, $3, $4, $5, $6) RETURNING "id"[0m  [["created_at", "2021-06-03 20:50:26.057538"], ["updated_at", "2021-06-03 20:50:26.057538"], ["title", "The Millstone"], ["deadline", "2021-12-22 00:00:00"], ["category_id", 1], ["image", "https://robohash.org/atquebeataevoluptatem.png?size=300x300&set=set1"]]
  ↳ db/seeds.rb:17
  [1m[35m (0.3ms)[0m  [1m[35mCOMMIT[0m
  ↳ db/seeds.rb:17
  [1m[35m (0.1ms)[0m  [1m[35mBEGIN[0m
  ↳ db/seeds.rb:17
  [1m[36mTask Create (0.3ms)[0m  [1m[32mINSERT INTO "tasks" ("created_at", "updated_at", "title", "deadline", "category_id", "image") VALUES ($1, $2, $3, $4, $5, $6) RETURNING "id"[0m  [["created_at", "2021-06-03 20:50:26.060492"], ["updated_at", "2021-06-03 20:50:26.060492"], ["title", "Ego Dominus Tuus"], ["deadline", "2022-04-05 00:00:00"], ["category_id", 1], ["image", "https://robohash.org/liberoquishic.png?size=300x300&set=set1"]]
  ↳ db/seeds.rb:17
  [1m[35m (0.3ms)[0m  [1m[35mCOMMIT[0m
  ↳ db/seeds.rb:17
  [1m[35m (0.1ms)[0m  [1m[35mBEGIN[0m
  ↳ db/seeds.rb:11
  [1m[36mCategory Create (0.2ms)[0m  [1m[32mINSERT INTO "categories" ("title", "created_at", "updated_at") VALUES ($1, $2, $3) RETURNING "id"[0m  [["title", "Mystery"], ["created_at", "2021-06-03 20:50:26.064600"], ["updated_at", "2021-06-03 20:50:26.064600"]]
  ↳ db/seeds.rb:11
  [1m[35m (0.2ms)[0m  [1m[35mCOMMIT[0m
  ↳ db/seeds.rb:11
  [1m[35m (0.2ms)[0m  [1m[35mBEGIN[0m
  ↳ db/seeds.rb:17
  [1m[36mTask Create (0.2ms)[0m  [1m[32mINSERT INTO "tasks" ("created_at", "updated_at", "title", "deadline", "category_id", "image") VALUES ($1, $2, $3, $4, $5, $6) RETURNING "id"[0m  [["created_at", "2021-06-03 20:50:26.067209"], ["updated_at", "2021-06-03 20:50:26.067209"], ["title", "A Passage to India"], ["deadline", "2022-05-05 00:00:00"], ["category_id", 2], ["image", "https://robohash.org/deseruntadeaque.png?size=300x300&set=set1"]]
  ↳ db/seeds.rb:17
  [1m[35m (0.3ms)[0m  [1m[35mCOMMIT[0m
  ↳ db/seeds.rb:17
  [1m[35m (0.1ms)[0m  [1m[35mBEGIN[0m
  ↳ db/seeds.rb:17
  [1m[36mTask Create (0.2ms)[0m  [1m[32mINSERT INTO "tasks" ("created_at", "updated_at", "title", "deadline", "category_id", "image") VALUES ($1, $2, $3, $4, $5, $6) RETURNING "id"[0m  [["created_at", "2021-06-03 20:50:26.069701"], ["updated_at", "2021-06-03 20:50:26.069701"], ["title", "Postern of Fate"], ["deadline", "2021-10-06 00:00:00"], ["category_id", 2], ["image", "https://robohash.org/solutaetrepellat.png?size=300x300&set=set1"]]
  ↳ db/seeds.rb:17
  [1m[35m (0.2ms)[0m  [1m[35mCOMMIT[0m
  ↳ db/seeds.rb:17
  [1m[35m (0.1ms)[0m  [1m[35mBEGIN[0m
  ↳ db/seeds.rb:17
  [1m[36mTask Create (0.2ms)[0m  [1m[32mINSERT INTO "tasks" ("created_at", "updated_at", "title", "deadline", "category_id", "image") VALUES ($1, $2, $3, $4, $5, $6) RETURNING "id"[0m  [["created_at", "2021-06-03 20:50:26.072136"], ["updated_at", "2021-06-03 20:50:26.072136"], ["title", "Nine Coaches Waiting"], ["deadline", "2021-10-14 00:00:00"], ["category_id", 2], ["image", "https://robohash.org/nonenimveniam.png?size=300x300&set=set1"]]
  ↳ db/seeds.rb:17
  [1m[35m (0.3ms)[0m  [1m[35mCOMMIT[0m
  ↳ db/seeds.rb:17
  [1m[35m (0.1ms)[0m  [1m[35mBEGIN[0m
  ↳ db/seeds.rb:11
  [1m[36mCategory Create (0.2ms)[0m  [1m[32mINSERT INTO "categories" ("title", "created_at", "updated_at") VALUES ($1, $2, $3) RETURNING "id"[0m  [["title", "Essay"], ["created_at", "2021-06-03 20:50:26.074096"], ["updated_at", "2021-06-03 20:50:26.074096"]]
  ↳ db/seeds.rb:11
  [1m[35m (0.2ms)[0m  [1m[35mCOMMIT[0m
  ↳ db/seeds.rb:11
  [1m[35m (0.2ms)[0m  [1m[35mBEGIN[0m
  ↳ db/seeds.rb:17
  [1m[36mTask Create (0.3ms)[0m  [1m[32mINSERT INTO "tasks" ("created_at", "updated_at", "title", "deadline", "category_id", "image") VALUES ($1, $2, $3, $4, $5, $6) RETURNING "id"[0m  [["created_at", "2021-06-03 20:50:26.076554"], ["updated_at", "2021-06-03 20:50:26.076554"], ["title", "Fair Stood the Wind for France"], ["deadline", "2022-05-28 00:00:00"], ["category_id", 3], ["image", "https://robohash.org/etplaceatet.png?size=300x300&set=set1"]]
  ↳ db/seeds.rb:17
  [1m[35m (0.3ms)[0m  [1m[35mCOMMIT[0m
  ↳ db/seeds.rb:17
  [1m[35m (0.1ms)[0m  [1m[35mBEGIN[0m
  ↳ db/seeds.rb:17
  [1m[36mTask Create (0.3ms)[0m  [1m[32mINSERT INTO "tasks" ("created_at", "updated_at", "title", "deadline", "category_id", "image") VALUES ($1, $2, $3, $4, $5, $6) RETURNING "id"[0m  [["created_at", "2021-06-03 20:50:26.079558"], ["updated_at", "2021-06-03 20:50:26.079558"], ["title", "A Time of Gifts"], ["deadline", "2022-02-11 00:00:00"], ["category_id", 3], ["image", "https://robohash.org/occaecatireiciendisnon.png?size=300x300&set=set1"]]
  ↳ db/seeds.rb:17
  [1m[35m (0.3ms)[0m  [1m[35mCOMMIT[0m
  ↳ db/seeds.rb:17
  [1m[35m (0.1ms)[0m  [1m[35mBEGIN[0m
  ↳ db/seeds.rb:17
  [1m[36mTask Create (0.2ms)[0m  [1m[32mINSERT INTO "tasks" ("created_at", "updated_at", "title", "deadline", "category_id", "image") VALUES ($1, $2, $3, $4, $5, $6) RETURNING "id"[0m  [["created_at", "2021-06-03 20:50:26.082048"], ["updated_at", "2021-06-03 20:50:26.082048"], ["title", "Blithe Spirit"], ["deadline", "2021-12-08 00:00:00"], ["category_id", 3], ["image", "https://robohash.org/consequaturvoluptasqui.png?size=300x300&set=set1"]]
  ↳ db/seeds.rb:17
  [1m[35m (0.3ms)[0m  [1m[35mCOMMIT[0m
  ↳ db/seeds.rb:17
  [1m[35m (0.2ms)[0m  [1m[35mBEGIN[0m
  ↳ db/seeds.rb:22
  [1m[36mEmail Create (0.6ms)[0m  [1m[32mINSERT INTO "emails" ("object", "body", "created_at", "updated_at") VALUES ($1, $2, $3, $4) RETURNING "id"[0m  [["object", "West Blue"], ["body", "Esse tempora repellendus. Autem libero fugiat. Est fugiat corrupti."], ["created_at", "2021-06-03 20:50:26.092655"], ["updated_at", "2021-06-03 20:50:26.092655"]]
  ↳ db/seeds.rb:22
  [1m[35m (0.3ms)[0m  [1m[35mCOMMIT[0m
  ↳ db/seeds.rb:22
  [1m[35m (0.1ms)[0m  [1m[35mBEGIN[0m
  ↳ db/seeds.rb:22
  [1m[36mEmail Create (0.3ms)[0m  [1m[32mINSERT INTO "emails" ("object", "body", "created_at", "updated_at") VALUES ($1, $2, $3, $4) RETURNING "id"[0m  [["object", "East Blue"], ["body", "Molestias eius dolores. Voluptas quidem fugiat. Dolorum est ut."], ["created_at", "2021-06-03 20:50:26.096520"], ["updated_at", "2021-06-03 20:50:26.096520"]]
  ↳ db/seeds.rb:22
  [1m[35m (0.4ms)[0m  [1m[35mCOMMIT[0m
  ↳ db/seeds.rb:22
  [1m[35m (0.1ms)[0m  [1m[35mBEGIN[0m
  ↳ db/seeds.rb:22
  [1m[36mEmail Create (0.2ms)[0m  [1m[32mINSERT INTO "emails" ("object", "body", "created_at", "updated_at") VALUES ($1, $2, $3, $4) RETURNING "id"[0m  [["object", "North Blue"], ["body", "Minus et temporibus. Iusto ipsam voluptas. Id vitae voluptates."], ["created_at", "2021-06-03 20:50:26.099671"], ["updated_at", "2021-06-03 20:50:26.099671"]]
  ↳ db/seeds.rb:22
  [1m[35m (0.4ms)[0m  [1m[35mCOMMIT[0m
  ↳ db/seeds.rb:22
  [1m[35m (0.8ms)[0m  [1m[34mSELECT "schema_migrations"."version" FROM "schema_migrations" ORDER BY "schema_migrations"."version" ASC[0m
  ↳ bin/rails:9
Started GET "/" for ::1 at 2021-06-03 22:50:44 +0200
  [1m[35m (0.6ms)[0m  [1m[34mSELECT "schema_migrations"."version" FROM "schema_migrations" ORDER BY "schema_migrations"."version" ASC[0m
  ↳ /Users/adri/.rvm/rubies/ruby-2.7.1/lib/ruby/gems/2.7.0/gems/sprockets-rails-3.2.2/lib/sprockets/rails/quiet_assets.rb:13
Processing by EmailsController#index as HTML
  Rendering emails/index.html.erb within layouts/application
  [1m[36mEmail Load (0.7ms)[0m  [1m[34mSELECT "emails".* FROM "emails"[0m
  ↳ app/views/emails/index.html.erb:21
  Rendered emails/index.html.erb within layouts/application (16.8ms)
  Rendered layouts/_navbar.html.erb (2.5ms)
  Rendered layouts/_flash.html.erb (0.3ms)
Completed 200 OK in 2034ms (Views: 2019.8ms | ActiveRecord: 5.1ms)


Started POST "/emails" for ::1 at 2021-06-03 22:50:56 +0200
Processing by EmailsController#create as JS
  [1m[35m (0.3ms)[0m  [1m[35mBEGIN[0m
  ↳ app/controllers/emails_controller.rb:31
  [1m[36mEmail Create (1.0ms)[0m  [1m[32mINSERT INTO "emails" ("object", "body", "created_at", "updated_at") VALUES ($1, $2, $3, $4) RETURNING "id"[0m  [["object", "Grand Line"], ["body", "Quas inventore necessitatibus. Reprehenderit praesentium placeat. Voluptatem aut nam."], ["created_at", "2021-06-03 20:50:56.476510"], ["updated_at", "2021-06-03 20:50:56.476510"]]
  ↳ app/controllers/emails_controller.rb:31
  [1m[35m (0.7ms)[0m  [1m[35mCOMMIT[0m
  ↳ app/controllers/emails_controller.rb:31
  Rendering emails/create.js.erb
  Rendered emails/_email.html.erb (0.6ms)
  Rendered emails/create.js.erb (2.3ms)
Completed 200 OK in 267ms (Views: 4.6ms | ActiveRecord: 1.9ms)


Started GET "/emails/new" for ::1 at 2021-06-03 22:51:09 +0200
Processing by EmailsController#new as HTML
  Rendering emails/new.html.erb within layouts/application
  Rendered emails/new.html.erb within layouts/application (7.2ms)
Completed 500 Internal Server Error in 17ms (ActiveRecord: 0.0ms)


  
ActionView::Template::Error (Missing partial layouts/_email_form with {:locale=>[:en], :formats=>[:html], :variants=>[], :handlers=>[:raw, :erb, :html, :builder, :ruby, :coffee, :jbuilder]}. Searched in:
  * "/Users/adri/Desktop/THP_2021/fullStack/Ajax_gmail/app/views"
  * "/Users/adri/.rvm/gems/ruby-2.7.1/gems/devise-4.8.0/app/views"
):
    1: <h1>New Email</h1>
    2: 
    3:  <%= render 'layouts/email_form' %>
  
app/views/emails/new.html.erb:3:in `_app_views_emails_new_html_erb___2329947380853863348_20980'
Started GET "/" for ::1 at 2021-06-03 22:51:12 +0200
Processing by EmailsController#index as HTML
  Rendering emails/index.html.erb within layouts/application
  [1m[36mEmail Load (1.5ms)[0m  [1m[34mSELECT "emails".* FROM "emails"[0m
  ↳ app/views/emails/index.html.erb:21
  Rendered emails/index.html.erb within layouts/application (4.4ms)
  Rendered layouts/_navbar.html.erb (0.7ms)
  Rendered layouts/_flash.html.erb (0.3ms)
Completed 200 OK in 42ms (Views: 38.5ms | ActiveRecord: 1.5ms)


Started GET "/tasks/new" for ::1 at 2021-06-03 22:51:27 +0200
Processing by TasksController#new as HTML
Completed 401 Unauthorized in 8ms (ActiveRecord: 0.0ms)


Started GET "/users/sign_in" for ::1 at 2021-06-03 22:51:27 +0200
Processing by Devise::SessionsController#new as HTML
  Rendering devise/sessions/new.html.erb within layouts/application
  Rendered devise/shared/_links.html.erb (1.1ms)
  Rendered devise/sessions/new.html.erb within layouts/application (21.8ms)
  Rendered layouts/_navbar.html.erb (0.7ms)
  Rendered layouts/_flash.html.erb (4.2ms)
Completed 200 OK in 69ms (Views: 52.1ms | ActiveRecord: 5.9ms)


Started GET "/users/sign_up" for ::1 at 2021-06-03 22:51:32 +0200
Processing by Devise::RegistrationsController#new as HTML
  Rendering devise/registrations/new.html.erb within layouts/application
DEPRECATION WARNING: [Devise] `DeviseHelper#devise_error_messages!` is deprecated and will be
removed in the next major version.

Devise now uses a partial under "devise/shared/error_messages" to display
error messages by default, and make them easier to customize. Update your
views changing calls from:

    <%= devise_error_messages! %>

to:

    <%= render "devise/shared/error_messages", resource: resource %>

To start customizing how errors are displayed, you can copy the partial
from devise to your `app/views` folder. Alternatively, you can run
`rails g devise:views` which will copy all of them again to your app.
 (called from block in _app_views_devise_registrations_new_html_erb___4534698938231830947_21900 at /Users/adri/Desktop/THP_2021/fullStack/Ajax_gmail/app/views/devise/registrations/new.html.erb:4)
  Rendered devise/shared/_links.html.erb (1.3ms)
  Rendered devise/registrations/new.html.erb within layouts/application (7.4ms)
  Rendered layouts/_navbar.html.erb (0.9ms)
  Rendered layouts/_flash.html.erb (0.6ms)
Completed 200 OK in 49ms (Views: 47.8ms | ActiveRecord: 0.0ms)


Started GET "/users/sign_in" for ::1 at 2021-06-03 22:51:35 +0200
Processing by Devise::SessionsController#new as HTML
  Rendering devise/sessions/new.html.erb within layouts/application
  Rendered devise/shared/_links.html.erb (0.7ms)
  Rendered devise/sessions/new.html.erb within layouts/application (3.0ms)
  Rendered layouts/_navbar.html.erb (0.7ms)
  Rendered layouts/_flash.html.erb (0.3ms)
Completed 200 OK in 30ms (Views: 29.2ms | ActiveRecord: 0.0ms)


Started GET "/users/sign_up" for ::1 at 2021-06-03 22:51:36 +0200
Processing by Devise::RegistrationsController#new as HTML
  Rendering devise/registrations/new.html.erb within layouts/application
DEPRECATION WARNING: [Devise] `DeviseHelper#devise_error_messages!` is deprecated and will be
removed in the next major version.

Devise now uses a partial under "devise/shared/error_messages" to display
error messages by default, and make them easier to customize. Update your
views changing calls from:

    <%= devise_error_messages! %>

to:

    <%= render "devise/shared/error_messages", resource: resource %>

To start customizing how errors are displayed, you can copy the partial
from devise to your `app/views` folder. Alternatively, you can run
`rails g devise:views` which will copy all of them again to your app.
 (called from block in _app_views_devise_registrations_new_html_erb___4534698938231830947_22220 at /Users/adri/Desktop/THP_2021/fullStack/Ajax_gmail/app/views/devise/registrations/new.html.erb:4)
  Rendered devise/shared/_links.html.erb (1.3ms)
  Rendered devise/registrations/new.html.erb within layouts/application (6.5ms)
  Rendered layouts/_navbar.html.erb (1.1ms)
  Rendered layouts/_flash.html.erb (0.4ms)
Completed 200 OK in 46ms (Views: 44.8ms | ActiveRecord: 0.0ms)


Started GET "/" for ::1 at 2021-06-03 22:53:19 +0200
Processing by EmailsController#index as HTML
  Rendering emails/index.html.erb within layouts/application
  [1m[36mEmail Load (4.2ms)[0m  [1m[34mSELECT "emails".* FROM "emails"[0m
  ↳ app/views/emails/index.html.erb:21
  Rendered emails/index.html.erb within layouts/application (6.5ms)
  Rendered layouts/_navbar.html.erb (1.0ms)
  Rendered layouts/_flash.html.erb (0.6ms)
Completed 200 OK in 56ms (Views: 49.8ms | ActiveRecord: 4.2ms)


Started GET "/emails/1" for ::1 at 2021-06-03 22:53:23 +0200
Processing by EmailsController#show as JS
  Parameters: {"id"=>"1"}
  [1m[36mEmail Load (0.2ms)[0m  [1m[34mSELECT  "emails".* FROM "emails" WHERE "emails"."id" = $1 LIMIT $2[0m  [["id", 1], ["LIMIT", 1]]
  ↳ app/controllers/emails_controller.rb:67
  [1m[36mCACHE Email Load (0.0ms)[0m  [1m[34mSELECT  "emails".* FROM "emails" WHERE "emails"."id" = $1 LIMIT $2[0m  [["id", 1], ["LIMIT", 1]]
  ↳ app/controllers/emails_controller.rb:11
  Rendering emails/show.js.erb
  Rendered emails/_email_show.html.erb (0.7ms)
  Rendered emails/show.js.erb (2.6ms)
Completed 200 OK in 19ms (Views: 5.2ms | ActiveRecord: 0.4ms)


Started GET "/emails/1/edit" for ::1 at 2021-06-03 22:53:31 +0200
Processing by EmailsController#edit as HTML
  Parameters: {"id"=>"1"}
  [1m[36mEmail Load (1.2ms)[0m  [1m[34mSELECT  "emails".* FROM "emails" WHERE "emails"."id" = $1 LIMIT $2[0m  [["id", 1], ["LIMIT", 1]]
  ↳ app/controllers/emails_controller.rb:67
  Rendering emails/edit.html.erb within layouts/application
  Rendered emails/_form.html.erb (5.3ms)
  Rendered emails/edit.html.erb within layouts/application (7.8ms)
  Rendered layouts/_navbar.html.erb (1.0ms)
  Rendered layouts/_flash.html.erb (0.5ms)
Completed 200 OK in 49ms (Views: 44.2ms | ActiveRecord: 1.2ms)


Started GET "/emails/1" for ::1 at 2021-06-03 22:53:37 +0200
Processing by EmailsController#show as HTML
  Parameters: {"id"=>"1"}
  [1m[36mEmail Load (0.5ms)[0m  [1m[34mSELECT  "emails".* FROM "emails" WHERE "emails"."id" = $1 LIMIT $2[0m  [["id", 1], ["LIMIT", 1]]
  ↳ app/controllers/emails_controller.rb:67
  [1m[36mCACHE Email Load (0.0ms)[0m  [1m[34mSELECT  "emails".* FROM "emails" WHERE "emails"."id" = $1 LIMIT $2[0m  [["id", 1], ["LIMIT", 1]]
  ↳ app/controllers/emails_controller.rb:11
Completed 406 Not Acceptable in 3ms (ActiveRecord: 0.5ms)


  
ActionController::UnknownFormat (ActionController::UnknownFormat):
  
app/controllers/emails_controller.rb:12:in `show'
Started GET "/emails/1/edit" for ::1 at 2021-06-03 22:53:39 +0200
Processing by EmailsController#edit as HTML
  Parameters: {"id"=>"1"}
  [1m[36mEmail Load (0.3ms)[0m  [1m[34mSELECT  "emails".* FROM "emails" WHERE "emails"."id" = $1 LIMIT $2[0m  [["id", 1], ["LIMIT", 1]]
  ↳ app/controllers/emails_controller.rb:67
  Rendering emails/edit.html.erb within layouts/application
  Rendered emails/_form.html.erb (2.2ms)
  Rendered emails/edit.html.erb within layouts/application (4.7ms)
  Rendered layouts/_navbar.html.erb (0.8ms)
  Rendered layouts/_flash.html.erb (0.5ms)
Completed 200 OK in 38ms (Views: 35.9ms | ActiveRecord: 0.3ms)


Started GET "/emails" for ::1 at 2021-06-03 22:53:41 +0200
Processing by EmailsController#index as HTML
  Rendering emails/index.html.erb within layouts/application
  [1m[36mEmail Load (0.3ms)[0m  [1m[34mSELECT "emails".* FROM "emails"[0m
  ↳ app/views/emails/index.html.erb:21
  Rendered emails/index.html.erb within layouts/application (2.2ms)
  Rendered layouts/_navbar.html.erb (0.8ms)
  Rendered layouts/_flash.html.erb (0.3ms)
Completed 200 OK in 34ms (Views: 31.7ms | ActiveRecord: 0.3ms)


Started GET "/emails/4" for ::1 at 2021-06-03 22:53:59 +0200
Processing by EmailsController#show as JS
  Parameters: {"id"=>"4"}
  [1m[36mEmail Load (0.3ms)[0m  [1m[34mSELECT  "emails".* FROM "emails" WHERE "emails"."id" = $1 LIMIT $2[0m  [["id", 4], ["LIMIT", 1]]
  ↳ app/controllers/emails_controller.rb:67
  [1m[36mCACHE Email Load (0.0ms)[0m  [1m[34mSELECT  "emails".* FROM "emails" WHERE "emails"."id" = $1 LIMIT $2[0m  [["id", 4], ["LIMIT", 1]]
  ↳ app/controllers/emails_controller.rb:11
  Rendering emails/show.js.erb
  Rendered emails/_email_show.html.erb (0.6ms)
  Rendered emails/show.js.erb (2.0ms)
Completed 200 OK in 8ms (Views: 4.5ms | ActiveRecord: 0.3ms)


Started DELETE "/emails/4" for ::1 at 2021-06-03 22:54:01 +0200
Processing by EmailsController#destroy as JS
  Parameters: {"id"=>"4"}
  [1m[36mEmail Load (0.3ms)[0m  [1m[34mSELECT  "emails".* FROM "emails" WHERE "emails"."id" = $1 LIMIT $2[0m  [["id", 4], ["LIMIT", 1]]
  ↳ app/controllers/emails_controller.rb:67
  [1m[35m (0.2ms)[0m  [1m[35mBEGIN[0m
  ↳ app/controllers/emails_controller.rb:57
  [1m[36mEmail Destroy (0.5ms)[0m  [1m[31mDELETE FROM "emails" WHERE "emails"."id" = $1[0m  [["id", 4]]
  ↳ app/controllers/emails_controller.rb:57
  [1m[35m (0.6ms)[0m  [1m[35mCOMMIT[0m
  ↳ app/controllers/emails_controller.rb:57
  Rendering emails/destroy.js.erb
  Rendered emails/destroy.js.erb (0.5ms)
Completed 200 OK in 9ms (Views: 3.1ms | ActiveRecord: 1.7ms)


Started GET "/emails/1" for ::1 at 2021-06-03 22:54:42 +0200
Processing by EmailsController#show as JS
  Parameters: {"id"=>"1"}
  [1m[36mEmail Load (0.4ms)[0m  [1m[34mSELECT  "emails".* FROM "emails" WHERE "emails"."id" = $1 LIMIT $2[0m  [["id", 1], ["LIMIT", 1]]
  ↳ app/controllers/emails_controller.rb:67
  [1m[36mCACHE Email Load (0.0ms)[0m  [1m[34mSELECT  "emails".* FROM "emails" WHERE "emails"."id" = $1 LIMIT $2[0m  [["id", 1], ["LIMIT", 1]]
  ↳ app/controllers/emails_controller.rb:11
  Rendering emails/show.js.erb
  Rendered emails/_email_show.html.erb (0.7ms)
  Rendered emails/show.js.erb (2.3ms)
Completed 200 OK in 10ms (Views: 5.1ms | ActiveRecord: 0.4ms)


Started GET "/emails/1" for ::1 at 2021-06-03 22:54:54 +0200
Processing by EmailsController#show as JS
  Parameters: {"id"=>"1"}
  [1m[36mEmail Load (0.8ms)[0m  [1m[34mSELECT  "emails".* FROM "emails" WHERE "emails"."id" = $1 LIMIT $2[0m  [["id", 1], ["LIMIT", 1]]
  ↳ app/controllers/emails_controller.rb:67
  [1m[36mCACHE Email Load (0.0ms)[0m  [1m[34mSELECT  "emails".* FROM "emails" WHERE "emails"."id" = $1 LIMIT $2[0m  [["id", 1], ["LIMIT", 1]]
  ↳ app/controllers/emails_controller.rb:11
  Rendering emails/show.js.erb
  Rendered emails/_email_show.html.erb (1.3ms)
  Rendered emails/show.js.erb (3.1ms)
Completed 200 OK in 12ms (Views: 5.8ms | ActiveRecord: 0.8ms)


Started GET "/emails/2" for ::1 at 2021-06-03 22:54:57 +0200
Processing by EmailsController#show as JS
  Parameters: {"id"=>"2"}
  [1m[36mEmail Load (0.3ms)[0m  [1m[34mSELECT  "emails".* FROM "emails" WHERE "emails"."id" = $1 LIMIT $2[0m  [["id", 2], ["LIMIT", 1]]
  ↳ app/controllers/emails_controller.rb:67
  [1m[36mCACHE Email Load (0.0ms)[0m  [1m[34mSELECT  "emails".* FROM "emails" WHERE "emails"."id" = $1 LIMIT $2[0m  [["id", 2], ["LIMIT", 1]]
  ↳ app/controllers/emails_controller.rb:11
  Rendering emails/show.js.erb
  Rendered emails/_email_show.html.erb (0.7ms)
  Rendered emails/show.js.erb (2.1ms)
Completed 200 OK in 9ms (Views: 5.5ms | ActiveRecord: 0.3ms)


Started GET "/emails" for ::1 at 2021-06-03 22:54:59 +0200
Processing by EmailsController#index as HTML
  Rendering emails/index.html.erb within layouts/application
  [1m[36mEmail Load (0.3ms)[0m  [1m[34mSELECT "emails".* FROM "emails"[0m
  ↳ app/views/emails/index.html.erb:21
  Rendered emails/index.html.erb within layouts/application (2.4ms)
  Rendered layouts/_navbar.html.erb (1.0ms)
  Rendered layouts/_flash.html.erb (0.9ms)
Completed 200 OK in 45ms (Views: 43.3ms | ActiveRecord: 0.3ms)


Started GET "/emails/1" for ::1 at 2021-06-03 22:55:01 +0200
Processing by EmailsController#show as JS
  Parameters: {"id"=>"1"}
  [1m[36mEmail Load (0.2ms)[0m  [1m[34mSELECT  "emails".* FROM "emails" WHERE "emails"."id" = $1 LIMIT $2[0m  [["id", 1], ["LIMIT", 1]]
  ↳ app/controllers/emails_controller.rb:67
  [1m[36mCACHE Email Load (0.0ms)[0m  [1m[34mSELECT  "emails".* FROM "emails" WHERE "emails"."id" = $1 LIMIT $2[0m  [["id", 1], ["LIMIT", 1]]
  ↳ app/controllers/emails_controller.rb:11
  Rendering emails/show.js.erb
  Rendered emails/_email_show.html.erb (0.9ms)
  Rendered emails/show.js.erb (2.9ms)
Completed 200 OK in 11ms (Views: 6.5ms | ActiveRecord: 0.3ms)


Started GET "/emails/1/edit" for ::1 at 2021-06-03 22:55:06 +0200
Processing by EmailsController#edit as HTML
  Parameters: {"id"=>"1"}
  [1m[36mEmail Load (0.2ms)[0m  [1m[34mSELECT  "emails".* FROM "emails" WHERE "emails"."id" = $1 LIMIT $2[0m  [["id", 1], ["LIMIT", 1]]
  ↳ app/controllers/emails_controller.rb:67
  Rendering emails/edit.html.erb within layouts/application
  Rendered emails/_form.html.erb (2.5ms)
  Rendered emails/edit.html.erb within layouts/application (4.4ms)
  Rendered layouts/_navbar.html.erb (0.7ms)
  Rendered layouts/_flash.html.erb (0.3ms)
Completed 200 OK in 41ms (Views: 36.7ms | ActiveRecord: 0.2ms)


Started PATCH "/emails/1" for ::1 at 2021-06-03 22:55:08 +0200
Processing by EmailsController#update as HTML
  Parameters: {"utf8"=>"✓", "authenticity_token"=>"KZQnJ/aW1QSmyGv8M8a1pfpVEheLjkdkJvLiE9mLZbKkixU5AqKVFjqaZ1O6LQlFoZMvGDXtn7u8rsEb5LIWqA==", "email"=>{"object"=>"West Blue", "body"=>"Esse tempora repellendus. Autem libero fugiat. Est fugiat corrupti."}, "commit"=>"Update Email", "id"=>"1"}
  [1m[36mEmail Load (0.2ms)[0m  [1m[34mSELECT  "emails".* FROM "emails" WHERE "emails"."id" = $1 LIMIT $2[0m  [["id", 1], ["LIMIT", 1]]
  ↳ app/controllers/emails_controller.rb:67
  [1m[35m (0.2ms)[0m  [1m[35mBEGIN[0m
  ↳ app/controllers/emails_controller.rb:45
  [1m[35m (0.6ms)[0m  [1m[35mCOMMIT[0m
  ↳ app/controllers/emails_controller.rb:45
Redirected to http://localhost:3000/emails/1
Completed 302 Found in 5ms (ActiveRecord: 1.1ms)


Started GET "/emails/1" for ::1 at 2021-06-03 22:55:08 +0200
Processing by EmailsController#show as HTML
  Parameters: {"id"=>"1"}
  [1m[36mEmail Load (0.2ms)[0m  [1m[34mSELECT  "emails".* FROM "emails" WHERE "emails"."id" = $1 LIMIT $2[0m  [["id", 1], ["LIMIT", 1]]
  ↳ app/controllers/emails_controller.rb:67
  [1m[36mCACHE Email Load (0.0ms)[0m  [1m[34mSELECT  "emails".* FROM "emails" WHERE "emails"."id" = $1 LIMIT $2[0m  [["id", 1], ["LIMIT", 1]]
  ↳ app/controllers/emails_controller.rb:11
Completed 406 Not Acceptable in 2ms (ActiveRecord: 0.2ms)


  
ActionController::UnknownFormat (ActionController::UnknownFormat):
  
app/controllers/emails_controller.rb:12:in `show'
Started GET "/emails" for ::1 at 2021-06-03 22:55:14 +0200
Processing by EmailsController#index as HTML
  Rendering emails/index.html.erb within layouts/application
  [1m[36mEmail Load (0.5ms)[0m  [1m[34mSELECT "emails".* FROM "emails"[0m
  ↳ app/views/emails/index.html.erb:21
  Rendered emails/index.html.erb within layouts/application (2.7ms)
  Rendered layouts/_navbar.html.erb (1.0ms)
  Rendered layouts/_flash.html.erb (0.3ms)
Completed 200 OK in 36ms (Views: 34.1ms | ActiveRecord: 0.5ms)


Started GET "/emails/1" for ::1 at 2021-06-03 22:55:38 +0200
Processing by EmailsController#show as JS
  Parameters: {"id"=>"1"}
  [1m[36mEmail Load (0.2ms)[0m  [1m[34mSELECT  "emails".* FROM "emails" WHERE "emails"."id" = $1 LIMIT $2[0m  [["id", 1], ["LIMIT", 1]]
  ↳ app/controllers/emails_controller.rb:67
  [1m[36mCACHE Email Load (0.0ms)[0m  [1m[34mSELECT  "emails".* FROM "emails" WHERE "emails"."id" = $1 LIMIT $2[0m  [["id", 1], ["LIMIT", 1]]
  ↳ app/controllers/emails_controller.rb:11
  Rendering emails/show.js.erb
  Rendered emails/_email_show.html.erb (0.6ms)
  Rendered emails/show.js.erb (1.7ms)
Completed 200 OK in 7ms (Views: 3.9ms | ActiveRecord: 0.2ms)


Started GET "/emails/1/edit" for ::1 at 2021-06-03 22:55:45 +0200
Processing by EmailsController#edit as HTML
  Parameters: {"id"=>"1"}
  [1m[36mEmail Load (4.5ms)[0m  [1m[34mSELECT  "emails".* FROM "emails" WHERE "emails"."id" = $1 LIMIT $2[0m  [["id", 1], ["LIMIT", 1]]
  ↳ app/controllers/emails_controller.rb:67
  Rendering emails/edit.html.erb within layouts/application
  Rendered emails/_form.html.erb (2.9ms)
  Rendered emails/edit.html.erb within layouts/application (5.2ms)
  Rendered layouts/_navbar.html.erb (1.4ms)
  Rendered layouts/_flash.html.erb (0.6ms)
Completed 200 OK in 54ms (Views: 46.5ms | ActiveRecord: 4.5ms)


Started GET "/" for ::1 at 2021-06-03 22:55:49 +0200
Processing by EmailsController#index as HTML
  Rendering emails/index.html.erb within layouts/application
  [1m[36mEmail Load (0.5ms)[0m  [1m[34mSELECT "emails".* FROM "emails"[0m
  ↳ app/views/emails/index.html.erb:21
  Rendered emails/index.html.erb within layouts/application (2.7ms)
  Rendered layouts/_navbar.html.erb (1.0ms)
  Rendered layouts/_flash.html.erb (0.4ms)
Completed 200 OK in 42ms (Views: 38.7ms | ActiveRecord: 0.5ms)


